[0m19:38:44.705633 [debug] [MainThread]: Sending event: {'category': 'dbt', 'action': 'invocation', 'label': 'start', 'context': [<snowplow_tracker.self_describing_json.SelfDescribingJson object at 0x000002179600F4A0>, <snowplow_tracker.self_describing_json.SelfDescribingJson object at 0x000002179600F3E0>, <snowplow_tracker.self_describing_json.SelfDescribingJson object at 0x000002179600F380>]}


============================== 19:38:44.715549 | 70eb8de2-d982-41e1-a33a-541fc332a59a ==============================
[0m19:38:44.715549 [info ] [MainThread]: Running with dbt=1.6.1
[0m19:38:44.715549 [debug] [MainThread]: running dbt with arguments {'printer_width': '80', 'indirect_selection': 'eager', 'log_cache_events': 'False', 'write_json': 'True', 'partial_parse': 'True', 'cache_selected_only': 'False', 'profiles_dir': 'C:\\Users\\My Account\\.dbt', 'debug': 'False', 'version_check': 'True', 'log_path': 'logs', 'fail_fast': 'False', 'warn_error': 'None', 'use_colors': 'True', 'use_experimental_parser': 'False', 'no_print': 'None', 'quiet': 'False', 'log_format': 'default', 'invocation_command': 'dbt init', 'warn_error_options': 'WarnErrorOptions(include=[], exclude=[])', 'static_parser': 'True', 'target_path': 'None', 'introspect': 'True', 'send_anonymous_usage_stats': 'True'}
[0m19:38:44.719059 [warn ] [MainThread]: [ConfigFolderDirectory]: Unable to parse dict {'dir': WindowsPath('C:/Users/My Account/.dbt')}
[0m19:38:44.719059 [info ] [MainThread]: Creating dbt configuration folder at 
[0m19:39:11.884911 [debug] [MainThread]: Starter project path: C:\Users\My Account\AppData\Local\Programs\Python\Python312\Lib\site-packages\dbt\include\starter_project
[0m19:39:11.941693 [info ] [MainThread]: 
Your new dbt project "nyc_parking_violations" was created!

For more information on how to configure the profiles.yml file,
please consult the dbt documentation here:

  https://docs.getdbt.com/docs/configure-your-profile

One more thing:

Need help? Don't hesitate to reach out to us via GitHub issues or on Slack:

  https://community.getdbt.com/

Happy modeling!

[0m19:39:11.951311 [info ] [MainThread]: Setting up your profile.
[0m19:39:32.955623 [info ] [MainThread]: No sample profile found for duckdb.
[0m19:39:32.960604 [debug] [MainThread]: Command `dbt init` succeeded at 19:39:32.960604 after 48.32 seconds
[0m19:39:32.960604 [debug] [MainThread]: Sending event: {'category': 'dbt', 'action': 'invocation', 'label': 'end', 'context': [<snowplow_tracker.self_describing_json.SelfDescribingJson object at 0x000002179506D970>, <snowplow_tracker.self_describing_json.SelfDescribingJson object at 0x0000021795CC4830>, <snowplow_tracker.self_describing_json.SelfDescribingJson object at 0x0000021795D11BE0>]}
[0m19:39:32.970647 [debug] [MainThread]: Flushing usage events
